[debug] [2018-11-06T16:16:32.743Z] ----------------------------------------------------------------------
[debug] [2018-11-06T16:16:32.745Z] Command:       C:\Program Files\nodejs\node.exe C:\Users\ttinakarn\AppData\Roaming\npm\node_modules\firebase-tools\lib\bin\firebase.js serve
[debug] [2018-11-06T16:16:32.745Z] CLI Version:   6.0.1
[debug] [2018-11-06T16:16:32.746Z] Platform:      win32
[debug] [2018-11-06T16:16:32.746Z] Node Version:  v8.12.0
[debug] [2018-11-06T16:16:32.746Z] Time:          Tue Nov 06 2018 23:16:32 GMT+0700 (SE Asia Standard Time)
[debug] [2018-11-06T16:16:32.746Z] ----------------------------------------------------------------------
[debug] 
[debug] [2018-11-06T16:16:32.760Z] > command requires scopes: ["email","openid","https://www.googleapis.com/auth/cloudplatformprojects.readonly","https://www.googleapis.com/auth/firebase","https://www.googleapis.com/auth/cloud-platform"]
[debug] [2018-11-06T16:16:32.761Z] > authorizing via signed-in user
[debug] [2018-11-06T16:16:32.761Z] [iam] checking project shopee-b3287 for permissions ["firebase.projects.get"]
[debug] [2018-11-06T16:16:32.764Z] > refreshing access token with scopes: ["email","https://www.googleapis.com/auth/cloud-platform","https://www.googleapis.com/auth/cloudplatformprojects.readonly","https://www.googleapis.com/auth/firebase","openid"]
[debug] [2018-11-06T16:16:32.764Z] >>> HTTP REQUEST POST https://www.googleapis.com/oauth2/v3/token  
 <request body omitted>
[debug] [2018-11-06T16:16:33.041Z] <<< HTTP RESPONSE 200
[debug] [2018-11-06T16:16:33.048Z] >>> HTTP REQUEST POST https://cloudresourcemanager.googleapis.com/v1/projects/shopee-b3287:testIamPermissions  

[debug] [2018-11-06T16:16:34.389Z] <<< HTTP RESPONSE 200
[debug] [2018-11-06T16:16:34.390Z] >>> HTTP REQUEST GET https://cloudresourcemanager.googleapis.com/v1/projects/shopee-b3287  
 
[debug] [2018-11-06T16:16:35.706Z] <<< HTTP RESPONSE 200
[info] 
[info] === Serving from 'C:\1.2018\Moblie\mobilequiz1'...
[info] 
[debug] [2018-11-06T16:16:35.709Z] >>> HTTP REQUEST GET https://mobilesdk-pa.googleapis.com/v1/projects/222099191341/clients/_:getWebAppConfig  
 
[debug] [2018-11-06T16:16:36.459Z] <<< HTTP RESPONSE 200
[info] i  hosting: Serving hosting files from: public
[info] +  hosting: Local server: http://localhost:5000
